2023-03-21T21:08:52.913+09:00  INFO 72712 --- [restartedMain] c.e.userservice.UserServiceApplication   : Starting UserServiceApplication using Java 17.0.6 with PID 72712 (/Users/kjhweb/spring_project/EcommerceEurekaApplication/user-service/build/classes/java/main started by kjhweb in /Users/kjhweb/spring_project/EcommerceEurekaApplication/user-service)
2023-03-21T21:08:52.921+09:00  INFO 72712 --- [restartedMain] c.e.userservice.UserServiceApplication   : No active profile set, falling back to 1 default profile: "default"
2023-03-21T21:08:53.039+09:00  INFO 72712 --- [restartedMain] .e.DevToolsPropertyDefaultsPostProcessor : Devtools property defaults active! Set 'spring.devtools.add-properties' to 'false' to disable
2023-03-21T21:08:53.040+09:00  INFO 72712 --- [restartedMain] .e.DevToolsPropertyDefaultsPostProcessor : For additional web related logging consider setting the 'logging.level.web' property to 'DEBUG'
2023-03-21T21:08:54.555+09:00  INFO 72712 --- [restartedMain] .s.d.r.c.RepositoryConfigurationDelegate : Bootstrapping Spring Data JPA repositories in DEFAULT mode.
2023-03-21T21:08:54.623+09:00  INFO 72712 --- [restartedMain] .s.d.r.c.RepositoryConfigurationDelegate : Finished Spring Data repository scanning in 56 ms. Found 1 JPA repository interfaces.
2023-03-21T21:08:54.974+09:00  INFO 72712 --- [restartedMain] trationDelegate$BeanPostProcessorChecker : Bean 'io.sentry.spring.jakarta.tracing.SentryAdviceConfiguration' of type [io.sentry.spring.jakarta.tracing.SentryAdviceConfiguration] is not eligible for getting processed by all BeanPostProcessors (for example: not eligible for auto-proxying)
2023-03-21T21:08:54.979+09:00  INFO 72712 --- [restartedMain] trationDelegate$BeanPostProcessorChecker : Bean 'io.sentry.spring.jakarta.tracing.SentrySpanPointcutConfiguration' of type [io.sentry.spring.jakarta.tracing.SentrySpanPointcutConfiguration] is not eligible for getting processed by all BeanPostProcessors (for example: not eligible for auto-proxying)
2023-03-21T21:08:54.981+09:00  INFO 72712 --- [restartedMain] trationDelegate$BeanPostProcessorChecker : Bean 'sentrySpanPointcut' of type [org.springframework.aop.support.ComposablePointcut] is not eligible for getting processed by all BeanPostProcessors (for example: not eligible for auto-proxying)
2023-03-21T21:08:54.982+09:00  INFO 72712 --- [restartedMain] trationDelegate$BeanPostProcessorChecker : Bean 'io.sentry.spring.boot.jakarta.SentryAutoConfiguration$HubConfiguration' of type [io.sentry.spring.boot.jakarta.SentryAutoConfiguration$HubConfiguration] is not eligible for getting processed by all BeanPostProcessors (for example: not eligible for auto-proxying)
2023-03-21T21:08:54.986+09:00  INFO 72712 --- [restartedMain] trationDelegate$BeanPostProcessorChecker : Bean 'io.sentry.spring.boot.jakarta.SentryAutoConfiguration$HubConfiguration$ContextTagsEventProcessorConfiguration' of type [io.sentry.spring.boot.jakarta.SentryAutoConfiguration$HubConfiguration$ContextTagsEventProcessorConfiguration] is not eligible for getting processed by all BeanPostProcessors (for example: not eligible for auto-proxying)
2023-03-21T21:08:55.055+09:00  INFO 72712 --- [restartedMain] trationDelegate$BeanPostProcessorChecker : Bean 'sentry-io.sentry.spring.boot.jakarta.SentryProperties' of type [io.sentry.spring.boot.jakarta.SentryProperties] is not eligible for getting processed by all BeanPostProcessors (for example: not eligible for auto-proxying)
2023-03-21T21:08:55.058+09:00  INFO 72712 --- [restartedMain] trationDelegate$BeanPostProcessorChecker : Bean 'contextTagsEventProcessor' of type [io.sentry.spring.jakarta.ContextTagsEventProcessor] is not eligible for getting processed by all BeanPostProcessors (for example: not eligible for auto-proxying)
2023-03-21T21:08:55.061+09:00  INFO 72712 --- [restartedMain] trationDelegate$BeanPostProcessorChecker : Bean 'inAppPackagesResolver' of type [io.sentry.spring.boot.jakarta.InAppIncludesResolver] is not eligible for getting processed by all BeanPostProcessors (for example: not eligible for auto-proxying)
2023-03-21T21:08:55.063+09:00  INFO 72712 --- [restartedMain] trationDelegate$BeanPostProcessorChecker : Bean 'sentryOptionsConfiguration' of type [io.sentry.spring.boot.jakarta.SentryAutoConfiguration$HubConfiguration$$Lambda$625/0x0000000801056a48] is not eligible for getting processed by all BeanPostProcessors (for example: not eligible for auto-proxying)
2023-03-21T21:08:55.071+09:00  INFO 72712 --- [restartedMain] trationDelegate$BeanPostProcessorChecker : Bean 'userServiceApplication' of type [com.example.userservice.UserServiceApplication$$SpringCGLIB$$0] is not eligible for getting processed by all BeanPostProcessors (for example: not eligible for auto-proxying)
2023-03-21T21:08:55.096+09:00  INFO 72712 --- [restartedMain] trationDelegate$BeanPostProcessorChecker : Bean 'sentryHub' of type [io.sentry.HubAdapter] is not eligible for getting processed by all BeanPostProcessors (for example: not eligible for auto-proxying)
2023-03-21T21:08:55.099+09:00  INFO 72712 --- [restartedMain] trationDelegate$BeanPostProcessorChecker : Bean 'sentrySpanAdvice' of type [io.sentry.spring.jakarta.tracing.SentrySpanAdvice] is not eligible for getting processed by all BeanPostProcessors (for example: not eligible for auto-proxying)
2023-03-21T21:08:55.100+09:00  INFO 72712 --- [restartedMain] trationDelegate$BeanPostProcessorChecker : Bean 'sentrySpanAdvisor' of type [org.springframework.aop.support.DefaultPointcutAdvisor] is not eligible for getting processed by all BeanPostProcessors (for example: not eligible for auto-proxying)
2023-03-21T21:08:55.100+09:00  INFO 72712 --- [restartedMain] trationDelegate$BeanPostProcessorChecker : Bean 'io.sentry.spring.jakarta.tracing.SentryTransactionPointcutConfiguration' of type [io.sentry.spring.jakarta.tracing.SentryTransactionPointcutConfiguration] is not eligible for getting processed by all BeanPostProcessors (for example: not eligible for auto-proxying)
2023-03-21T21:08:55.101+09:00  INFO 72712 --- [restartedMain] trationDelegate$BeanPostProcessorChecker : Bean 'sentryTransactionPointcut' of type [org.springframework.aop.support.ComposablePointcut] is not eligible for getting processed by all BeanPostProcessors (for example: not eligible for auto-proxying)
2023-03-21T21:08:55.103+09:00  INFO 72712 --- [restartedMain] trationDelegate$BeanPostProcessorChecker : Bean 'sentryTransactionAdvice' of type [io.sentry.spring.jakarta.tracing.SentryTransactionAdvice] is not eligible for getting processed by all BeanPostProcessors (for example: not eligible for auto-proxying)
2023-03-21T21:08:55.104+09:00  INFO 72712 --- [restartedMain] trationDelegate$BeanPostProcessorChecker : Bean 'sentryTransactionAdvisor' of type [org.springframework.aop.support.DefaultPointcutAdvisor] is not eligible for getting processed by all BeanPostProcessors (for example: not eligible for auto-proxying)
2023-03-21T21:08:55.436+09:00  INFO 72712 --- [restartedMain] o.s.b.w.embedded.tomcat.TomcatWebServer  : Tomcat initialized with port(s): 8090 (http)
2023-03-21T21:08:55.448+09:00  INFO 72712 --- [restartedMain] o.apache.catalina.core.StandardService   : Starting service [Tomcat]
2023-03-21T21:08:55.449+09:00  INFO 72712 --- [restartedMain] o.apache.catalina.core.StandardEngine    : Starting Servlet engine: [Apache Tomcat/10.1.4]
2023-03-21T21:08:55.509+09:00  INFO 72712 --- [restartedMain] o.a.c.c.C.[Tomcat].[localhost].[/]       : Initializing Spring embedded WebApplicationContext
2023-03-21T21:08:55.509+09:00  INFO 72712 --- [restartedMain] w.s.c.ServletWebServerApplicationContext : Root WebApplicationContext: initialization completed in 2466 ms
2023-03-21T21:08:55.614+09:00  INFO 72712 --- [restartedMain] com.zaxxer.hikari.HikariDataSource       : HikariPool-1 - Starting...
2023-03-21T21:08:55.820+09:00  INFO 72712 --- [restartedMain] com.zaxxer.hikari.pool.HikariPool        : HikariPool-1 - Added connection conn0: url=jdbc:h2:mem:ef956220-6db0-45c6-897b-7c175bb7148b user=SA
2023-03-21T21:08:55.822+09:00  INFO 72712 --- [restartedMain] com.zaxxer.hikari.HikariDataSource       : HikariPool-1 - Start completed.
2023-03-21T21:08:55.833+09:00  INFO 72712 --- [restartedMain] o.s.b.a.h2.H2ConsoleAutoConfiguration    : H2 console available at '/h2-console'. Database available at 'jdbc:h2:mem:ef956220-6db0-45c6-897b-7c175bb7148b'
2023-03-21T21:08:55.982+09:00  INFO 72712 --- [restartedMain] o.hibernate.jpa.internal.util.LogHelper  : HHH000204: Processing PersistenceUnitInfo [name: default]
2023-03-21T21:08:56.049+09:00  INFO 72712 --- [restartedMain] org.hibernate.Version                    : HHH000412: Hibernate ORM core version 6.1.6.Final
2023-03-21T21:08:56.243+09:00  WARN 72712 --- [restartedMain] org.hibernate.orm.deprecation            : HHH90000021: Encountered deprecated setting [javax.persistence.sharedCache.mode], use [jakarta.persistence.sharedCache.mode] instead
2023-03-21T21:08:56.395+09:00  INFO 72712 --- [restartedMain] SQL dialect                              : HHH000400: Using dialect: org.hibernate.dialect.H2Dialect
2023-03-21T21:08:57.321+09:00  INFO 72712 --- [restartedMain] o.h.e.t.j.p.i.JtaPlatformInitiator       : HHH000490: Using JtaPlatform implementation: [org.hibernate.engine.transaction.jta.platform.internal.NoJtaPlatform]
2023-03-21T21:08:57.337+09:00  INFO 72712 --- [restartedMain] j.LocalContainerEntityManagerFactoryBean : Initialized JPA EntityManagerFactory for persistence unit 'default'
2023-03-21T21:08:57.740+09:00  WARN 72712 --- [restartedMain] JpaBaseConfiguration$JpaWebConfiguration : spring.jpa.open-in-view is enabled by default. Therefore, database queries may be performed during view rendering. Explicitly configure spring.jpa.open-in-view to disable this warning
2023-03-21T21:08:58.130+09:00  INFO 72712 --- [restartedMain] c.e.userservice.Config.FirebaseConfig    : Firebase application has been initialized
2023-03-21T21:08:58.935+09:00  INFO 72712 --- [restartedMain] o.s.b.a.e.web.EndpointLinksResolver      : Exposing 14 endpoint(s) beneath base path '/actuator'
2023-03-21T21:08:58.981+09:00  INFO 72712 --- [restartedMain] o.s.s.web.DefaultSecurityFilterChain     : Will secure any request with [org.springframework.security.web.session.DisableEncodeUrlFilter@1cd5a82, org.springframework.security.web.context.request.async.WebAsyncManagerIntegrationFilter@53000024, org.springframework.security.web.context.SecurityContextHolderFilter@6d05c066, org.springframework.security.web.header.HeaderWriterFilter@1c65f121, org.springframework.security.web.authentication.logout.LogoutFilter@18dd01c1, com.example.userservice.Security.Filter.JwtFilter@2b497e38, com.example.userservice.Security.Filter.CustomAuthenticationFilter@32434882, org.springframework.security.web.savedrequest.RequestCacheAwareFilter@23158101, org.springframework.security.web.servletapi.SecurityContextHolderAwareRequestFilter@3fc43f19, org.springframework.security.web.authentication.AnonymousAuthenticationFilter@3766e0f5, org.springframework.security.web.session.SessionManagementFilter@6f6925b6, org.springframework.security.web.access.ExceptionTranslationFilter@3e8284bb, org.springframework.security.web.access.intercept.AuthorizationFilter@7a35155a]
2023-03-21T21:08:58.984+09:00  WARN 72712 --- [restartedMain] o.s.s.c.a.web.builders.WebSecurity       : You are asking Spring Security to ignore Mvc [pattern='/h2-console/**']. This is not recommended -- please use permitAll via HttpSecurity#authorizeHttpRequests instead.
2023-03-21T21:08:58.985+09:00  INFO 72712 --- [restartedMain] o.s.s.web.DefaultSecurityFilterChain     : Will not secure Mvc [pattern='/h2-console/**']
2023-03-21T21:08:58.985+09:00  WARN 72712 --- [restartedMain] o.s.s.c.a.web.builders.WebSecurity       : You are asking Spring Security to ignore Mvc [pattern='/favicon.ico']. This is not recommended -- please use permitAll via HttpSecurity#authorizeHttpRequests instead.
2023-03-21T21:08:58.985+09:00  INFO 72712 --- [restartedMain] o.s.s.web.DefaultSecurityFilterChain     : Will not secure Mvc [pattern='/favicon.ico']
2023-03-21T21:08:59.321+09:00  INFO 72712 --- [restartedMain] o.s.b.d.a.OptionalLiveReloadServer       : LiveReload server is running on port 35729
2023-03-21T21:08:59.393+09:00  INFO 72712 --- [restartedMain] o.s.b.w.embedded.tomcat.TomcatWebServer  : Tomcat started on port(s): 8090 (http) with context path ''
2023-03-21T21:08:59.411+09:00  INFO 72712 --- [restartedMain] c.e.userservice.UserServiceApplication   : Started UserServiceApplication in 7.342 seconds (process running for 8.517)
2023-03-21T21:08:59.700+09:00  INFO 72712 --- [registrationTask1] d.c.b.a.c.r.ApplicationRegistrator       : Application registered itself as b5bc64edf2ac
2023-03-21T21:08:59.731+09:00  INFO 72712 --- [RMI TCP Connection(7)-127.0.0.1] o.a.c.c.C.[Tomcat].[localhost].[/]       : Initializing Spring DispatcherServlet 'dispatcherServlet'
2023-03-21T21:08:59.732+09:00  INFO 72712 --- [RMI TCP Connection(7)-127.0.0.1] o.s.web.servlet.DispatcherServlet        : Initializing Servlet 'dispatcherServlet'
2023-03-21T21:08:59.734+09:00  INFO 72712 --- [RMI TCP Connection(7)-127.0.0.1] o.s.web.servlet.DispatcherServlet        : Completed initialization in 2 ms
2023-03-21T21:09:35.359+09:00  INFO 72712 --- [SpringApplicationShutdownHook] j.LocalContainerEntityManagerFactoryBean : Closing JPA EntityManagerFactory for persistence unit 'default'
2023-03-21T21:09:35.361+09:00  INFO 72712 --- [SpringApplicationShutdownHook] .SchemaDropperImpl$DelayedDropActionImpl : HHH000477: Starting delayed evictData of schema as part of SessionFactory shut-down'
2023-03-21T21:09:35.580+09:00  WARN 72712 --- [SpringApplicationShutdownHook] o.s.b.f.support.DisposableBeanAdapter    : Invocation of destroy method failed on bean with name 'inMemoryDatabaseShutdownExecutor': org.h2.jdbc.JdbcSQLNonTransientConnectionException: Database is already closed (to disable automatic closing at VM shutdown, add ";DB_CLOSE_ON_EXIT=FALSE" to the db URL) [90121-214]
2023-03-21T21:09:35.581+09:00  INFO 72712 --- [SpringApplicationShutdownHook] com.zaxxer.hikari.HikariDataSource       : HikariPool-1 - Shutdown initiated...
2023-03-21T21:09:35.584+09:00  INFO 72712 --- [SpringApplicationShutdownHook] com.zaxxer.hikari.HikariDataSource       : HikariPool-1 - Shutdown completed.
